0 info it worked if it ends with ok
1 verbose cli [ '/Users/Joesonw/.nvm/versions/node/v6.2.2/bin/node',
1 verbose cli   '/Users/Joesonw/.nvm/versions/node/v6.2.2/bin/npm',
1 verbose cli   'publish' ]
2 info using npm@3.9.5
3 info using node@v6.2.2
4 verbose publish [ '.' ]
5 silly cache add args [ '.', null ]
6 verbose cache add spec .
7 silly cache add parsed spec Result {
7 silly cache add   raw: '.',
7 silly cache add   scope: null,
7 silly cache add   name: null,
7 silly cache add   rawSpec: '.',
7 silly cache add   spec: '/Users/Joesonw/t2ee/luke',
7 silly cache add   type: 'directory' }
8 verbose addLocalDirectory /Users/Joesonw/.npm/@t2ee/luke/0.0.3/package.tgz not in flight; packing
9 verbose correctMkdir /Users/Joesonw/.npm correctMkdir not in flight; initializing
10 info lifecycle @t2ee/luke@0.0.3~prepublish: @t2ee/luke@0.0.3
11 silly lifecycle @t2ee/luke@0.0.3~prepublish: no script for prepublish, continuing
12 verbose tar pack [ '/Users/Joesonw/.npm/@t2ee/luke/0.0.3/package.tgz',
12 verbose tar pack   '/Users/Joesonw/t2ee/luke' ]
13 verbose tarball /Users/Joesonw/.npm/@t2ee/luke/0.0.3/package.tgz
14 verbose folder /Users/Joesonw/t2ee/luke
15 verbose addLocalTarball adding from inside cache /Users/Joesonw/.npm/@t2ee/luke/0.0.3/package.tgz
16 verbose correctMkdir /Users/Joesonw/.npm correctMkdir not in flight; initializing
17 silly cache afterAdd @t2ee/luke@0.0.3
18 verbose afterAdd /Users/Joesonw/.npm/@t2ee/luke/0.0.3/package/package.json not in flight; writing
19 verbose correctMkdir /Users/Joesonw/.npm correctMkdir not in flight; initializing
20 verbose afterAdd /Users/Joesonw/.npm/@t2ee/luke/0.0.3/package/package.json written
21 silly publish { name: '@t2ee/luke',
21 silly publish   version: '0.0.3',
21 silly publish   description: '',
21 silly publish   main: 'dist/index.js',
21 silly publish   typings: 'dist/index.d.ts',
21 silly publish   scripts:
21 silly publish    { build: 'tsc -p tsconfig.json',
21 silly publish      'test-typescript': 'rm -rf test-dist && tsc -p tsconfig.test.json',
21 silly publish      test: 'npm run test-typescript && npm run mocha',
21 silly publish      mocha: 'mocha test-dist/test/*.js --require source-map-support/register',
21 silly publish      coverage: 'npm run test-typescript && npm run istanbul',
21 silly publish      istanbul: 'istanbul cover _mocha test-dist/test/*.js',
21 silly publish      typescript: 'tsc -p tsconfig.json' },
21 silly publish   author: { name: 'Qiaosen Huang' },
21 silly publish   license: 'MIT',
21 silly publish   dependencies:
21 silly publish    { '@types/chai': '^3.4.32',
21 silly publish      '@types/debug': '0.0.28',
21 silly publish      '@types/mocha': '^2.2.31',
21 silly publish      '@types/node': '^6.0.37',
21 silly publish      '@types/q': '0.0.29',
21 silly publish      'app-module-path': '^1.1.0',
21 silly publish      debug: '^2.2.0',
21 silly publish      'kalm-j': '^1.3.5',
21 silly publish      q: '^1.4.1',
21 silly publish      'reflect-metadata': '^0.1.8',
21 silly publish      'source-map-support': '^0.4.2' },
21 silly publish   devDependencies: { chai: '^3.5.0', istanbul: '^0.4.5', mocha: '^3.0.2' },
21 silly publish   gitHead: '3ea7a7d50ae1bf08e6f1832ac39aad1312d34d98',
21 silly publish   readme: 'ERROR: No README data found!',
21 silly publish   _id: '@t2ee/luke@0.0.3',
21 silly publish   _shasum: '92f5ee423c3e122a0cd797d46a5160cd7b34aede',
21 silly publish   _from: '.' }
22 verbose getPublishConfig undefined
23 silly mapToRegistry name @t2ee/luke
24 silly mapToRegistry scope (from package name) @t2ee
25 verbose mapToRegistry no registry URL found in name for scope @t2ee
26 silly mapToRegistry using default registry
27 silly mapToRegistry registry https://registry.npmjs.org/
28 silly mapToRegistry data Result {
28 silly mapToRegistry   raw: '@t2ee/luke',
28 silly mapToRegistry   scope: '@t2ee',
28 silly mapToRegistry   name: '@t2ee/luke',
28 silly mapToRegistry   rawSpec: '',
28 silly mapToRegistry   spec: 'latest',
28 silly mapToRegistry   type: 'tag' }
29 silly mapToRegistry uri https://registry.npmjs.org/@t2ee%2fluke
30 verbose publish registryBase https://registry.npmjs.org/
31 silly publish uploading /Users/Joesonw/.npm/@t2ee/luke/0.0.3/package.tgz
32 verbose request uri https://registry.npmjs.org/@t2ee%2fluke
33 verbose request sending authorization for write operation
34 info attempt registry request try #1 at 3:57:19 PM
35 verbose request using bearer token for auth
36 verbose request id 3516e1b3769faf64
37 http request PUT https://registry.npmjs.org/@t2ee%2fluke
38 http 402 https://registry.npmjs.org/@t2ee%2fluke
39 verbose headers { 'content-type': 'application/json',
39 verbose headers   'cache-control': 'max-age=0',
39 verbose headers   'content-length': '119',
39 verbose headers   'accept-ranges': 'bytes',
39 verbose headers   date: 'Thu, 08 Sep 2016 07:57:24 GMT',
39 verbose headers   via: '1.1 varnish',
39 verbose headers   connection: 'keep-alive',
39 verbose headers   'x-served-by': 'cache-hkg6824-HKG',
39 verbose headers   'x-cache': 'MISS',
39 verbose headers   'x-cache-hits': '0',
39 verbose headers   'x-timer': 'S1473321440.725307,VS0,VE3912' }
40 verbose request invalidating /Users/Joesonw/.npm/registry.npmjs.org/_40t2ee_252fluke on PUT
41 error publish Failed PUT 402
42 verbose stack Error: You need a paid account to perform this action. For more info, visit: https://www.npmjs.com/private-modules : @t2ee/luke
42 verbose stack     at makeError (/Users/Joesonw/.nvm/versions/node/v6.2.2/lib/node_modules/npm/node_modules/npm-registry-client/lib/request.js:264:12)
42 verbose stack     at CachingRegistryClient.<anonymous> (/Users/Joesonw/.nvm/versions/node/v6.2.2/lib/node_modules/npm/node_modules/npm-registry-client/lib/request.js:252:14)
42 verbose stack     at Request._callback (/Users/Joesonw/.nvm/versions/node/v6.2.2/lib/node_modules/npm/node_modules/npm-registry-client/lib/request.js:172:14)
42 verbose stack     at Request.self.callback (/Users/Joesonw/.nvm/versions/node/v6.2.2/lib/node_modules/npm/node_modules/request/request.js:200:22)
42 verbose stack     at emitTwo (events.js:106:13)
42 verbose stack     at Request.emit (events.js:191:7)
42 verbose stack     at Request.<anonymous> (/Users/Joesonw/.nvm/versions/node/v6.2.2/lib/node_modules/npm/node_modules/request/request.js:1067:10)
42 verbose stack     at emitOne (events.js:101:20)
42 verbose stack     at Request.emit (events.js:188:7)
42 verbose stack     at IncomingMessage.<anonymous> (/Users/Joesonw/.nvm/versions/node/v6.2.2/lib/node_modules/npm/node_modules/request/request.js:988:12)
43 verbose statusCode 402
44 verbose pkgid @t2ee/luke
45 verbose cwd /Users/Joesonw/t2ee/luke
46 error Darwin 15.4.0
47 error argv "/Users/Joesonw/.nvm/versions/node/v6.2.2/bin/node" "/Users/Joesonw/.nvm/versions/node/v6.2.2/bin/npm" "publish"
48 error node v6.2.2
49 error npm  v3.9.5
50 error code E402
51 error You need a paid account to perform this action. For more info, visit: https://www.npmjs.com/private-modules : @t2ee/luke
52 error If you need help, you may report this error at:
52 error     <https://github.com/npm/npm/issues>
53 verbose exit [ 1, true ]
